
> angular8-demo@0.0.0 ng E:\workingggggg\IT\java\workplaces\wpAngular2020\Angular8Demo
> ng "s" "__design__" "--port" "5678"


chunk {main} main.js, main.js.map (main) 2.55 kB [initial] [rendered]
chunk {polyfills} polyfills.js, polyfills.js.map (polyfills) 1.38 kB [initial] [rendered]
chunk {runtime} runtime.js, runtime.js.map (runtime) 6.15 kB [entry] [rendered]
chunk {styles} styles.js, styles.js.map (styles) 12.5 kB [initial] [rendered]
chunk {vendor} vendor.js, vendor.js.map (vendor) 339 kB [initial] [rendered]
Date: 2020-10-21T19:54:26.407Z - Hash: 360ffe4f606851219732 - Time: 24686ms

ERROR in ./.design/main.ts
Module build failed (from ./node_modules/@ngtools/webpack/src/index.js):
Error: E:\workingggggg\IT\java\workplaces\wpAngular2020\Angular8Demo\.design\main.ts is missing from the TypeScript compilation. Please make sure it is in your tsconfig via the 'files' or 'include' property.
    at AngularCompilerPlugin.getCompiledFile (E:\workingggggg\IT\java\workplaces\wpAngular2020\Angular8Demo\node_modules\@ngtools\webpack\src\angular_compiler_plugin.js:949:23)
    at E:\workingggggg\IT\java\workplaces\wpAngular2020\Angular8Demo\node_modules\@ngtools\webpack\src\loader.js:43:31
    at processTicksAndRejections (internal/process/task_queues.js:97:5)

ERROR in ./.design/polyfills.ts
Module build failed (from ./node_modules/@ngtools/webpack/src/index.js):
Error: E:\workingggggg\IT\java\workplaces\wpAngular2020\Angular8Demo\.design\polyfills.ts is missing from the TypeScript compilation. Please make sure it is in your tsconfig via the 'files' or 'include' property.
    at AngularCompilerPlugin.getCompiledFile (E:\workingggggg\IT\java\workplaces\wpAngular2020\Angular8Demo\node_modules\@ngtools\webpack\src\angular_compiler_plugin.js:949:23)
    at E:\workingggggg\IT\java\workplaces\wpAngular2020\Angular8Demo\node_modules\@ngtools\webpack\src\loader.js:43:31
    at processTicksAndRejections (internal/process/task_queues.js:97:5)
** Angular Live Development Server is listening on localhost:5678, open your browser on http://localhost:5678/ **
